c:\users\user\desktop\2\compiler\debug\vc142.pdb
c:\users\user\desktop\2\compiler\debug\vc142.idb
c:\users\user\desktop\2\compiler\debug\main.obj
c:\users\user\desktop\лабы 6 сем\компиляторы\2\compiler\debug\vc142.pdb
c:\users\user\desktop\лабы 6 сем\компиляторы\2\compiler\debug\vc142.idb
c:\users\user\desktop\лабы 6 сем\компиляторы\2\compiler\debug\main.obj
c:\users\user\desktop\лабы 6 сем\компиляторы\2\compiler\parser.tab.h
c:\users\user\desktop\лабы 6 сем\компиляторы\2\compiler\parser.tab.c
c:\users\user\desktop\2\compiler\debug\compiler.ilk
c:\users\user\desktop\2\compiler\debug\compiler.exe
c:\users\user\desktop\2\compiler\debug\compiler.pdb
c:\users\user\desktop\лабы 6 сем\компиляторы\2\compiler\debug\compiler.exe
c:\users\user\desktop\лабы 6 сем\компиляторы\2\compiler\debug\compiler.ilk
c:\users\user\desktop\лабы 6 сем\компиляторы\2\compiler\debug\compiler.pdb
c:\users\user\desktop\лабы 6 сем\компиляторы\2\compiler\debug\compiler.tlog\cl.command.1.tlog
c:\users\user\desktop\лабы 6 сем\компиляторы\2\compiler\debug\compiler.tlog\cl.read.1.tlog
c:\users\user\desktop\лабы 6 сем\компиляторы\2\compiler\debug\compiler.tlog\cl.write.1.tlog
c:\users\user\desktop\лабы 6 сем\компиляторы\2\compiler\debug\compiler.tlog\custombuild.command.1.tlog
c:\users\user\desktop\лабы 6 сем\компиляторы\2\compiler\debug\compiler.tlog\custombuild.read.1.tlog
c:\users\user\desktop\лабы 6 сем\компиляторы\2\compiler\debug\compiler.tlog\custombuild.write.1.tlog
c:\users\user\desktop\лабы 6 сем\компиляторы\2\compiler\debug\compiler.tlog\link.command.1.tlog
c:\users\user\desktop\лабы 6 сем\компиляторы\2\compiler\debug\compiler.tlog\link.read.1.tlog
c:\users\user\desktop\лабы 6 сем\компиляторы\2\compiler\debug\compiler.tlog\link.write.1.tlog
